2023-12-16 07:23:52,857 [Worker-2: Loading available Gradle versions] INFO  o.e.b.c.i.u.g.PublishedGradleVersions - Gradle version information cache is out-of-date. Trying to update.
2023-12-16 07:27:15,963 [Worker-1: Loading available Gradle versions] INFO  o.e.b.c.i.u.g.PublishedGradleVersions - Gradle version information cache is up-to-date. Trying to read.
2023-12-21 06:14:57,901 [Worker-5: Loading available Gradle versions] INFO  o.e.b.c.i.u.g.PublishedGradleVersions - Gradle version information cache is out-of-date. Trying to update.
2023-12-22 06:17:36,542 [Worker-3: Loading available Gradle versions] INFO  o.e.b.c.i.u.g.PublishedGradleVersions - Gradle version information cache is out-of-date. Trying to update.
2023-12-23 06:14:59,431 [Worker-0: Loading available Gradle versions] INFO  o.e.b.c.i.u.g.PublishedGradleVersions - Gradle version information cache is up-to-date. Trying to read.
2023-12-23 06:52:46,565 [Worker-0: Loading available Gradle versions] INFO  o.e.b.c.i.u.g.PublishedGradleVersions - Gradle version information cache is out-of-date. Trying to update.
2023-12-23 06:54:49,022 [Worker-5: Loading available Gradle versions] INFO  o.e.b.c.i.u.g.PublishedGradleVersions - Gradle version information cache is up-to-date. Trying to read.
2023-12-23 07:10:13,359 [Worker-2: Loading available Gradle versions] INFO  o.e.b.c.i.u.g.PublishedGradleVersions - Gradle version information cache is up-to-date. Trying to read.
2023-12-23 07:16:02,035 [Worker-5: Loading available Gradle versions] INFO  o.e.b.c.i.u.g.PublishedGradleVersions - Gradle version information cache is up-to-date. Trying to read.
2023-12-28 06:49:57,070 [Worker-4: Loading available Gradle versions] INFO  o.e.b.c.i.u.g.PublishedGradleVersions - Gradle version information cache is out-of-date. Trying to update.
2023-12-29 06:06:21,285 [Worker-4: Loading available Gradle versions] INFO  o.e.b.c.i.u.g.PublishedGradleVersions - Gradle version information cache is up-to-date. Trying to read.
2024-01-04 06:12:43,144 [Worker-3: Loading available Gradle versions] INFO  o.e.b.c.i.u.g.PublishedGradleVersions - Gradle version information cache is out-of-date. Trying to update.
2024-01-04 06:30:23,973 [Worker-4: Loading available Gradle versions] INFO  o.e.b.c.i.u.g.PublishedGradleVersions - Gradle version information cache is up-to-date. Trying to read.
2024-01-11 06:39:22,172 [Worker-5: Loading available Gradle versions] INFO  o.e.b.c.i.u.g.PublishedGradleVersions - Gradle version information cache is out-of-date. Trying to update.
2024-01-11 07:39:12,055 [Worker-3: Loading available Gradle versions] INFO  o.e.b.c.i.u.g.PublishedGradleVersions - Gradle version information cache is up-to-date. Trying to read.
2024-01-11 07:45:59,070 [Worker-0: Loading available Gradle versions] INFO  o.e.b.c.i.u.g.PublishedGradleVersions - Gradle version information cache is up-to-date. Trying to read.
2024-01-11 07:52:18,813 [Worker-2: Loading available Gradle versions] INFO  o.e.b.c.i.u.g.PublishedGradleVersions - Gradle version information cache is up-to-date. Trying to read.
2024-01-12 15:35:49,602 [Worker-1: Loading available Gradle versions] INFO  o.e.b.c.i.u.g.PublishedGradleVersions - Gradle version information cache is out-of-date. Trying to update.
2024-01-13 06:48:17,934 [Worker-6: Loading available Gradle versions] INFO  o.e.b.c.i.u.g.PublishedGradleVersions - Gradle version information cache is up-to-date. Trying to read.
2024-01-18 06:03:16,787 [Worker-5: Loading available Gradle versions] INFO  o.e.b.c.i.u.g.PublishedGradleVersions - Gradle version information cache is out-of-date. Trying to update.
2024-01-19 06:18:31,807 [Worker-4: Loading available Gradle versions] INFO  o.e.b.c.i.u.g.PublishedGradleVersions - Gradle version information cache is out-of-date. Trying to update.
2024-01-20 06:15:36,523 [Worker-5: Loading available Gradle versions] INFO  o.e.b.c.i.u.g.PublishedGradleVersions - Gradle version information cache is up-to-date. Trying to read.
2024-01-25 06:12:40,951 [Worker-2: Loading available Gradle versions] INFO  o.e.b.c.i.u.g.PublishedGradleVersions - Gradle version information cache is out-of-date. Trying to update.
2024-01-25 14:57:28,667 [Worker-5: Loading available Gradle versions] INFO  o.e.b.c.i.u.g.PublishedGradleVersions - Gradle version information cache is up-to-date. Trying to read.
2024-01-26 06:09:52,536 [Worker-6: Loading available Gradle versions] INFO  o.e.b.c.i.u.g.PublishedGradleVersions - Gradle version information cache is up-to-date. Trying to read.
2024-02-02 06:07:24,390 [Worker-2: Loading available Gradle versions] INFO  o.e.b.c.i.u.g.PublishedGradleVersions - Gradle version information cache is out-of-date. Trying to update.
2024-02-08 06:19:55,559 [Worker-0: Loading available Gradle versions] INFO  o.e.b.c.i.u.g.PublishedGradleVersions - Gradle version information cache is out-of-date. Trying to update.
2024-02-09 06:42:30,030 [Worker-28: Launching mavenrun-59f9b53b-90f7-425c-bd50-db663fb62d0b] INFO  o.eclipse.m2e.core.internal.Bundles - getClasspathEntries(Bundle=org.eclipse.m2e.maven.runtime_3.9.500.20231113-2345 [2261])
2024-02-09 06:42:30,038 [Worker-28: Launching mavenrun-59f9b53b-90f7-425c-bd50-db663fb62d0b] INFO  o.eclipse.m2e.core.internal.Bundles - 	Entry: C:\Users\k.kirubakaran\.p2\pool\plugins\org.eclipse.m2e.maven.runtime_3.9.500.20231113-2345
2024-02-09 06:42:30,039 [Worker-28: Launching mavenrun-59f9b53b-90f7-425c-bd50-db663fb62d0b] INFO  o.eclipse.m2e.core.internal.Bundles - 	Entry: C:\Users\k.kirubakaran\.p2\pool\plugins\org.eclipse.m2e.maven.runtime_3.9.500.20231113-2345\jars\aopalliance-1.0.jar
2024-02-09 06:42:30,039 [Worker-28: Launching mavenrun-59f9b53b-90f7-425c-bd50-db663fb62d0b] INFO  o.eclipse.m2e.core.internal.Bundles - 	Entry: C:\Users\k.kirubakaran\.p2\pool\plugins\org.eclipse.m2e.maven.runtime_3.9.500.20231113-2345\jars\guice-5.1.0.jar
2024-02-09 06:42:30,039 [Worker-28: Launching mavenrun-59f9b53b-90f7-425c-bd50-db663fb62d0b] INFO  o.eclipse.m2e.core.internal.Bundles - 	Entry: C:\Users\k.kirubakaran\.p2\pool\plugins\org.eclipse.m2e.maven.runtime_3.9.500.20231113-2345\jars\httpclient-4.5.14.jar
2024-02-09 06:42:30,040 [Worker-28: Launching mavenrun-59f9b53b-90f7-425c-bd50-db663fb62d0b] INFO  o.eclipse.m2e.core.internal.Bundles - 	Entry: C:\Users\k.kirubakaran\.p2\pool\plugins\org.eclipse.m2e.maven.runtime_3.9.500.20231113-2345\jars\httpcore-4.4.16.jar
2024-02-09 06:42:30,040 [Worker-28: Launching mavenrun-59f9b53b-90f7-425c-bd50-db663fb62d0b] INFO  o.eclipse.m2e.core.internal.Bundles - 	Entry: C:\Users\k.kirubakaran\.p2\pool\plugins\org.eclipse.m2e.maven.runtime_3.9.500.20231113-2345\jars\jansi-2.4.0.jar
2024-02-09 06:42:30,040 [Worker-28: Launching mavenrun-59f9b53b-90f7-425c-bd50-db663fb62d0b] INFO  o.eclipse.m2e.core.internal.Bundles - 	Entry: C:\Users\k.kirubakaran\.p2\pool\plugins\org.eclipse.m2e.maven.runtime_3.9.500.20231113-2345\jars\jcl-over-slf4j-1.7.36.jar
2024-02-09 06:42:30,040 [Worker-28: Launching mavenrun-59f9b53b-90f7-425c-bd50-db663fb62d0b] INFO  o.eclipse.m2e.core.internal.Bundles - 	Entry: C:\Users\k.kirubakaran\.p2\pool\plugins\org.eclipse.m2e.maven.runtime_3.9.500.20231113-2345\jars\maven-artifact-3.9.5.jar
2024-02-09 06:42:30,040 [Worker-28: Launching mavenrun-59f9b53b-90f7-425c-bd50-db663fb62d0b] INFO  o.eclipse.m2e.core.internal.Bundles - 	Entry: C:\Users\k.kirubakaran\.p2\pool\plugins\org.eclipse.m2e.maven.runtime_3.9.500.20231113-2345\jars\maven-builder-support-3.9.5.jar
2024-02-09 06:42:30,040 [Worker-28: Launching mavenrun-59f9b53b-90f7-425c-bd50-db663fb62d0b] INFO  o.eclipse.m2e.core.internal.Bundles - 	Entry: C:\Users\k.kirubakaran\.p2\pool\plugins\org.eclipse.m2e.maven.runtime_3.9.500.20231113-2345\jars\maven-compat-3.9.5.jar
2024-02-09 06:42:30,041 [Worker-28: Launching mavenrun-59f9b53b-90f7-425c-bd50-db663fb62d0b] INFO  o.eclipse.m2e.core.internal.Bundles - 	Entry: C:\Users\k.kirubakaran\.p2\pool\plugins\org.eclipse.m2e.maven.runtime_3.9.500.20231113-2345\jars\maven-core-3.9.5.jar
2024-02-09 06:42:30,041 [Worker-28: Launching mavenrun-59f9b53b-90f7-425c-bd50-db663fb62d0b] INFO  o.eclipse.m2e.core.internal.Bundles - 	Entry: C:\Users\k.kirubakaran\.p2\pool\plugins\org.eclipse.m2e.maven.runtime_3.9.500.20231113-2345\jars\maven-embedder-3.9.5.jar
2024-02-09 06:42:30,042 [Worker-28: Launching mavenrun-59f9b53b-90f7-425c-bd50-db663fb62d0b] INFO  o.eclipse.m2e.core.internal.Bundles - 	Entry: C:\Users\k.kirubakaran\.p2\pool\plugins\org.eclipse.m2e.maven.runtime_3.9.500.20231113-2345\jars\maven-model-3.9.5.jar
2024-02-09 06:42:30,043 [Worker-28: Launching mavenrun-59f9b53b-90f7-425c-bd50-db663fb62d0b] INFO  o.eclipse.m2e.core.internal.Bundles - 	Entry: C:\Users\k.kirubakaran\.p2\pool\plugins\org.eclipse.m2e.maven.runtime_3.9.500.20231113-2345\jars\maven-model-builder-3.9.5.jar
2024-02-09 06:42:30,043 [Worker-28: Launching mavenrun-59f9b53b-90f7-425c-bd50-db663fb62d0b] INFO  o.eclipse.m2e.core.internal.Bundles - 	Entry: C:\Users\k.kirubakaran\.p2\pool\plugins\org.eclipse.m2e.maven.runtime_3.9.500.20231113-2345\jars\maven-plugin-api-3.9.5.jar
2024-02-09 06:42:30,043 [Worker-28: Launching mavenrun-59f9b53b-90f7-425c-bd50-db663fb62d0b] INFO  o.eclipse.m2e.core.internal.Bundles - 	Entry: C:\Users\k.kirubakaran\.p2\pool\plugins\org.eclipse.m2e.maven.runtime_3.9.500.20231113-2345\jars\maven-repository-metadata-3.9.5.jar
2024-02-09 06:42:30,044 [Worker-28: Launching mavenrun-59f9b53b-90f7-425c-bd50-db663fb62d0b] INFO  o.eclipse.m2e.core.internal.Bundles - 	Entry: C:\Users\k.kirubakaran\.p2\pool\plugins\org.eclipse.m2e.maven.runtime_3.9.500.20231113-2345\jars\maven-resolver-api-1.9.16.jar
2024-02-09 06:42:30,044 [Worker-28: Launching mavenrun-59f9b53b-90f7-425c-bd50-db663fb62d0b] INFO  o.eclipse.m2e.core.internal.Bundles - 	Entry: C:\Users\k.kirubakaran\.p2\pool\plugins\org.eclipse.m2e.maven.runtime_3.9.500.20231113-2345\jars\maven-resolver-connector-basic-1.9.16.jar
2024-02-09 06:42:30,044 [Worker-28: Launching mavenrun-59f9b53b-90f7-425c-bd50-db663fb62d0b] INFO  o.eclipse.m2e.core.internal.Bundles - 	Entry: C:\Users\k.kirubakaran\.p2\pool\plugins\org.eclipse.m2e.maven.runtime_3.9.500.20231113-2345\jars\maven-resolver-impl-1.9.16.jar
2024-02-09 06:42:30,044 [Worker-28: Launching mavenrun-59f9b53b-90f7-425c-bd50-db663fb62d0b] INFO  o.eclipse.m2e.core.internal.Bundles - 	Entry: C:\Users\k.kirubakaran\.p2\pool\plugins\org.eclipse.m2e.maven.runtime_3.9.500.20231113-2345\jars\maven-resolver-named-locks-1.9.16.jar
2024-02-09 06:42:30,044 [Worker-28: Launching mavenrun-59f9b53b-90f7-425c-bd50-db663fb62d0b] INFO  o.eclipse.m2e.core.internal.Bundles - 	Entry: C:\Users\k.kirubakaran\.p2\pool\plugins\org.eclipse.m2e.maven.runtime_3.9.500.20231113-2345\jars\maven-resolver-provider-3.9.5.jar
2024-02-09 06:42:30,044 [Worker-28: Launching mavenrun-59f9b53b-90f7-425c-bd50-db663fb62d0b] INFO  o.eclipse.m2e.core.internal.Bundles - 	Entry: C:\Users\k.kirubakaran\.p2\pool\plugins\org.eclipse.m2e.maven.runtime_3.9.500.20231113-2345\jars\maven-resolver-spi-1.9.16.jar
2024-02-09 06:42:30,044 [Worker-28: Launching mavenrun-59f9b53b-90f7-425c-bd50-db663fb62d0b] INFO  o.eclipse.m2e.core.internal.Bundles - 	Entry: C:\Users\k.kirubakaran\.p2\pool\plugins\org.eclipse.m2e.maven.runtime_3.9.500.20231113-2345\jars\maven-resolver-transport-file-1.9.16.jar
2024-02-09 06:42:30,044 [Worker-28: Launching mavenrun-59f9b53b-90f7-425c-bd50-db663fb62d0b] INFO  o.eclipse.m2e.core.internal.Bundles - 	Entry: C:\Users\k.kirubakaran\.p2\pool\plugins\org.eclipse.m2e.maven.runtime_3.9.500.20231113-2345\jars\maven-resolver-transport-http-1.9.16.jar
2024-02-09 06:42:30,045 [Worker-28: Launching mavenrun-59f9b53b-90f7-425c-bd50-db663fb62d0b] INFO  o.eclipse.m2e.core.internal.Bundles - 	Entry: C:\Users\k.kirubakaran\.p2\pool\plugins\org.eclipse.m2e.maven.runtime_3.9.500.20231113-2345\jars\maven-resolver-transport-wagon-1.9.16.jar
2024-02-09 06:42:30,045 [Worker-28: Launching mavenrun-59f9b53b-90f7-425c-bd50-db663fb62d0b] INFO  o.eclipse.m2e.core.internal.Bundles - 	Entry: C:\Users\k.kirubakaran\.p2\pool\plugins\org.eclipse.m2e.maven.runtime_3.9.500.20231113-2345\jars\maven-resolver-util-1.9.16.jar
2024-02-09 06:42:30,045 [Worker-28: Launching mavenrun-59f9b53b-90f7-425c-bd50-db663fb62d0b] INFO  o.eclipse.m2e.core.internal.Bundles - 	Entry: C:\Users\k.kirubakaran\.p2\pool\plugins\org.eclipse.m2e.maven.runtime_3.9.500.20231113-2345\jars\maven-settings-3.9.5.jar
2024-02-09 06:42:30,045 [Worker-28: Launching mavenrun-59f9b53b-90f7-425c-bd50-db663fb62d0b] INFO  o.eclipse.m2e.core.internal.Bundles - 	Entry: C:\Users\k.kirubakaran\.p2\pool\plugins\org.eclipse.m2e.maven.runtime_3.9.500.20231113-2345\jars\maven-settings-builder-3.9.5.jar
2024-02-09 06:42:30,045 [Worker-28: Launching mavenrun-59f9b53b-90f7-425c-bd50-db663fb62d0b] INFO  o.eclipse.m2e.core.internal.Bundles - 	Entry: C:\Users\k.kirubakaran\.p2\pool\plugins\org.eclipse.m2e.maven.runtime_3.9.500.20231113-2345\jars\maven-shared-utils-3.3.4.jar
2024-02-09 06:42:30,046 [Worker-28: Launching mavenrun-59f9b53b-90f7-425c-bd50-db663fb62d0b] INFO  o.eclipse.m2e.core.internal.Bundles - 	Entry: C:\Users\k.kirubakaran\.p2\pool\plugins\org.eclipse.m2e.maven.runtime_3.9.500.20231113-2345\jars\org.eclipse.sisu.inject-0.3.5.jar
2024-02-09 06:42:30,046 [Worker-28: Launching mavenrun-59f9b53b-90f7-425c-bd50-db663fb62d0b] INFO  o.eclipse.m2e.core.internal.Bundles - 	Entry: C:\Users\k.kirubakaran\.p2\pool\plugins\org.eclipse.m2e.maven.runtime_3.9.500.20231113-2345\jars\org.eclipse.sisu.plexus-0.3.5.jar
2024-02-09 06:42:30,046 [Worker-28: Launching mavenrun-59f9b53b-90f7-425c-bd50-db663fb62d0b] INFO  o.eclipse.m2e.core.internal.Bundles - 	Entry: C:\Users\k.kirubakaran\.p2\pool\plugins\org.eclipse.m2e.maven.runtime_3.9.500.20231113-2345\jars\plexus-build-api-0.0.7.jar
2024-02-09 06:42:30,046 [Worker-28: Launching mavenrun-59f9b53b-90f7-425c-bd50-db663fb62d0b] INFO  o.eclipse.m2e.core.internal.Bundles - 	Entry: C:\Users\k.kirubakaran\.p2\pool\plugins\org.eclipse.m2e.maven.runtime_3.9.500.20231113-2345\jars\plexus-cipher-2.0.jar
2024-02-09 06:42:30,046 [Worker-28: Launching mavenrun-59f9b53b-90f7-425c-bd50-db663fb62d0b] INFO  o.eclipse.m2e.core.internal.Bundles - 	Entry: C:\Users\k.kirubakaran\.p2\pool\plugins\org.eclipse.m2e.maven.runtime_3.9.500.20231113-2345\jars\plexus-classworlds-2.7.0.jar
2024-02-09 06:42:30,047 [Worker-28: Launching mavenrun-59f9b53b-90f7-425c-bd50-db663fb62d0b] INFO  o.eclipse.m2e.core.internal.Bundles - 	Entry: C:\Users\k.kirubakaran\.p2\pool\plugins\org.eclipse.m2e.maven.runtime_3.9.500.20231113-2345\jars\plexus-component-annotations-2.1.0.jar
2024-02-09 06:42:30,047 [Worker-28: Launching mavenrun-59f9b53b-90f7-425c-bd50-db663fb62d0b] INFO  o.eclipse.m2e.core.internal.Bundles - 	Entry: C:\Users\k.kirubakaran\.p2\pool\plugins\org.eclipse.m2e.maven.runtime_3.9.500.20231113-2345\jars\plexus-interpolation-1.26.jar
2024-02-09 06:42:30,047 [Worker-28: Launching mavenrun-59f9b53b-90f7-425c-bd50-db663fb62d0b] INFO  o.eclipse.m2e.core.internal.Bundles - 	Entry: C:\Users\k.kirubakaran\.p2\pool\plugins\org.eclipse.m2e.maven.runtime_3.9.500.20231113-2345\jars\plexus-sec-dispatcher-2.0.jar
2024-02-09 06:42:30,048 [Worker-28: Launching mavenrun-59f9b53b-90f7-425c-bd50-db663fb62d0b] INFO  o.eclipse.m2e.core.internal.Bundles - 	Entry: C:\Users\k.kirubakaran\.p2\pool\plugins\org.eclipse.m2e.maven.runtime_3.9.500.20231113-2345\jars\plexus-utils-3.5.1.jar
2024-02-09 06:42:30,048 [Worker-28: Launching mavenrun-59f9b53b-90f7-425c-bd50-db663fb62d0b] INFO  o.eclipse.m2e.core.internal.Bundles - 	Entry: C:\Users\k.kirubakaran\.p2\pool\plugins\org.eclipse.m2e.maven.runtime_3.9.500.20231113-2345\jars\wagon-file-3.5.3.jar
2024-02-09 06:42:30,048 [Worker-28: Launching mavenrun-59f9b53b-90f7-425c-bd50-db663fb62d0b] INFO  o.eclipse.m2e.core.internal.Bundles - 	Entry: C:\Users\k.kirubakaran\.p2\pool\plugins\org.eclipse.m2e.maven.runtime_3.9.500.20231113-2345\jars\wagon-http-3.5.3.jar
2024-02-09 06:42:30,049 [Worker-28: Launching mavenrun-59f9b53b-90f7-425c-bd50-db663fb62d0b] INFO  o.eclipse.m2e.core.internal.Bundles - 	Entry: C:\Users\k.kirubakaran\.p2\pool\plugins\org.eclipse.m2e.maven.runtime_3.9.500.20231113-2345\jars\wagon-http-shared-3.5.3.jar
2024-02-09 06:42:30,049 [Worker-28: Launching mavenrun-59f9b53b-90f7-425c-bd50-db663fb62d0b] INFO  o.eclipse.m2e.core.internal.Bundles - 	Entry: C:\Users\k.kirubakaran\.p2\pool\plugins\org.eclipse.m2e.maven.runtime_3.9.500.20231113-2345\jars\wagon-provider-api-3.5.3.jar
2024-02-09 06:42:30,052 [Worker-28: Launching mavenrun-59f9b53b-90f7-425c-bd50-db663fb62d0b] INFO  o.eclipse.m2e.core.internal.Bundles - getClasspathEntries(Bundle=com.google.guava_32.1.3.jre [1909])
2024-02-09 06:42:30,052 [Worker-28: Launching mavenrun-59f9b53b-90f7-425c-bd50-db663fb62d0b] INFO  o.eclipse.m2e.core.internal.Bundles - 	Entry: C:\Users\k.kirubakaran\.p2\pool\plugins\com.google.guava_32.1.3.jre.jar
2024-02-09 06:42:30,052 [Worker-28: Launching mavenrun-59f9b53b-90f7-425c-bd50-db663fb62d0b] INFO  o.eclipse.m2e.core.internal.Bundles - getClasspathEntries(Bundle=slf4j.api_2.0.11 [2394])
2024-02-09 06:42:30,052 [Worker-28: Launching mavenrun-59f9b53b-90f7-425c-bd50-db663fb62d0b] INFO  o.eclipse.m2e.core.internal.Bundles - 	Entry: C:\Users\k.kirubakaran\.p2\pool\plugins\slf4j.api_2.0.11.jar
2024-02-09 06:42:30,052 [Worker-28: Launching mavenrun-59f9b53b-90f7-425c-bd50-db663fb62d0b] INFO  o.eclipse.m2e.core.internal.Bundles - getClasspathEntries(Bundle=javax.inject_1.0.0.v20220405-0441 [30])
2024-02-09 06:42:30,054 [Worker-28: Launching mavenrun-59f9b53b-90f7-425c-bd50-db663fb62d0b] INFO  o.eclipse.m2e.core.internal.Bundles - 	Entry: C:\Users\k.kirubakaran\.p2\pool\plugins\javax.inject_1.0.0.v20220405-0441.jar
2024-02-09 06:42:30,054 [Worker-28: Launching mavenrun-59f9b53b-90f7-425c-bd50-db663fb62d0b] INFO  o.eclipse.m2e.core.internal.Bundles - getClasspathEntries(Bundle=javax.annotation_1.3.5.v20200909-1856 [1882])
2024-02-09 06:42:30,055 [Worker-28: Launching mavenrun-59f9b53b-90f7-425c-bd50-db663fb62d0b] INFO  o.eclipse.m2e.core.internal.Bundles - 	Entry: C:\Users\k.kirubakaran\.p2\pool\plugins\javax.annotation_1.3.5.v20200909-1856.jar
2024-02-09 06:42:30,055 [Worker-28: Launching mavenrun-59f9b53b-90f7-425c-bd50-db663fb62d0b] INFO  o.eclipse.m2e.core.internal.Bundles - getClasspathEntries(Bundle=org.apache.commons.cli_1.6.0 [1939])
2024-02-09 06:42:30,055 [Worker-28: Launching mavenrun-59f9b53b-90f7-425c-bd50-db663fb62d0b] INFO  o.eclipse.m2e.core.internal.Bundles - 	Entry: C:\Users\k.kirubakaran\.p2\pool\plugins\org.apache.commons.cli_1.6.0.jar
2024-02-09 06:42:30,055 [Worker-28: Launching mavenrun-59f9b53b-90f7-425c-bd50-db663fb62d0b] INFO  o.eclipse.m2e.core.internal.Bundles - getClasspathEntries(Bundle=org.apache.commons.commons-codec_1.16.0 [1151])
2024-02-09 06:42:30,056 [Worker-28: Launching mavenrun-59f9b53b-90f7-425c-bd50-db663fb62d0b] INFO  o.eclipse.m2e.core.internal.Bundles - 	Entry: C:\Users\k.kirubakaran\.p2\pool\plugins\org.apache.commons.commons-codec_1.16.0.jar
2024-02-09 06:42:30,056 [Worker-28: Launching mavenrun-59f9b53b-90f7-425c-bd50-db663fb62d0b] INFO  o.eclipse.m2e.core.internal.Bundles - getClasspathEntries(Bundle=org.apache.commons.lang3_3.13.0 [1941])
2024-02-09 06:42:30,057 [Worker-28: Launching mavenrun-59f9b53b-90f7-425c-bd50-db663fb62d0b] INFO  o.eclipse.m2e.core.internal.Bundles - 	Entry: C:\Users\k.kirubakaran\.p2\pool\plugins\org.apache.commons.lang3_3.13.0.jar
2024-02-09 06:42:30,057 [Worker-28: Launching mavenrun-59f9b53b-90f7-425c-bd50-db663fb62d0b] INFO  o.eclipse.m2e.core.internal.Bundles - getClasspathEntries(Bundle=com.google.guava.failureaccess_1.0.2 [1910])
2024-02-09 06:42:30,057 [Worker-28: Launching mavenrun-59f9b53b-90f7-425c-bd50-db663fb62d0b] INFO  o.eclipse.m2e.core.internal.Bundles - 	Entry: C:\Users\k.kirubakaran\.p2\pool\plugins\com.google.guava.failureaccess_1.0.2.jar
2024-02-09 06:42:30,069 [Worker-28: Launching mavenrun-59f9b53b-90f7-425c-bd50-db663fb62d0b] INFO  o.e.m.i.launch.MavenLaunchDelegate - Run build in "C:\Users\K1D97~1.KIR\AppData\Local\Temp\m2e-archetypeGenerator15623750911570037895":
2024-02-09 06:42:30,089 [Worker-28: Launching mavenrun-59f9b53b-90f7-425c-bd50-db663fb62d0b] INFO  o.e.m.i.launch.MavenLaunchDelegate -  mvn  -DarchetypeGroupId=org.apache.maven.archetypes -DarchetypeArtifactId=maven-archetype-quickstart -DarchetypeVersion=1.4 -DgroupId=Nexvalli -DartifactId=SeleniumDemos -Dversion=0.0.1-SNAPSHOT -Dpackage=org.example -DoutputDirectory=D:\Workspaces\Nexvali3 -Dstyle.color=always -U archetype:generate
2024-02-09 06:42:59,103 [Worker-25: Creating maven-archetype-quickstart] INFO  o.e.m.c.i.p.ProjectConfigurationManager - Collecting project info '/pom.xml' D:\Workspaces\Nexvali3\SeleniumDemos\pom.xml
2024-02-09 06:43:02,466 [Worker-25: Creating maven-archetype-quickstart] INFO  o.e.m.c.i.l.LifecycleMappingFactory - Using org.eclipse.m2e.jdt.JarLifecycleMapping lifecycle mapping for MavenProject: Nexvalli:SeleniumDemos:0.0.1-SNAPSHOT @ D:\Workspaces\Nexvali3\SeleniumDemos\pom.xml.
2024-02-09 06:43:04,610 [Worker-25: Creating maven-archetype-quickstart] INFO  o.e.m.j.i.AbstractJavaProjectConfigurator - Adding source folder /SeleniumDemos/src/main/java
2024-02-09 06:43:04,611 [Worker-25: Creating maven-archetype-quickstart] INFO  o.e.m.j.i.AbstractJavaProjectConfigurator - Adding resource folder /SeleniumDemos/src/main/resources
2024-02-09 06:43:04,635 [Worker-25: Creating maven-archetype-quickstart] INFO  o.e.m.j.i.AbstractJavaProjectConfigurator - Adding source folder /SeleniumDemos/src/test/java
2024-02-09 06:43:04,636 [Worker-25: Creating maven-archetype-quickstart] INFO  o.e.m.j.i.AbstractJavaProjectConfigurator - Adding resource folder /SeleniumDemos/src/test/resources
2024-02-09 06:43:05,014 [Worker-25: Creating maven-archetype-quickstart] INFO  o.e.m.c.i.p.ProjectConfigurationManager - Imported and configured 1 project(s) in 5 sec
2024-02-09 06:43:05,653 [Worker-31: Building] INFO  o.e.m.c.i.embedder.EclipseLogger - Using 'UTF-8' encoding to copy filtered resources.
2024-02-09 06:43:05,654 [Worker-31: Building] INFO  o.e.m.c.i.embedder.EclipseLogger - skip non existing resourceDirectory D:\Workspaces\Nexvali3\SeleniumDemos\src\main\resources
2024-02-09 06:43:05,658 [Worker-31: Building] INFO  o.e.m.c.i.embedder.EclipseLogger - Using 'UTF-8' encoding to copy filtered resources.
2024-02-09 06:43:05,658 [Worker-31: Building] INFO  o.e.m.c.i.embedder.EclipseLogger - skip non existing resourceDirectory D:\Workspaces\Nexvali3\SeleniumDemos\src\test\resources
2024-02-09 06:43:54,983 [Worker-28: Building] INFO  o.e.m.c.i.l.LifecycleMappingFactory - Using org.eclipse.m2e.jdt.JarLifecycleMapping lifecycle mapping for MavenProject: Nexvalli:SeleniumDemos:0.0.1-SNAPSHOT @ D:\Workspaces\Nexvali3\SeleniumDemos\pom.xml.
2024-02-09 06:43:55,582 [Worker-28: Building] INFO  o.e.m.c.i.embedder.EclipseLogger - Using 'UTF-8' encoding to copy filtered resources.
2024-02-09 06:43:55,583 [Worker-28: Building] INFO  o.e.m.c.i.embedder.EclipseLogger - skip non existing resourceDirectory D:\Workspaces\Nexvali3\SeleniumDemos\src\main\resources
2024-02-09 06:43:55,590 [Worker-28: Building] INFO  o.e.m.c.i.embedder.EclipseLogger - Using 'UTF-8' encoding to copy filtered resources.
2024-02-09 06:43:55,591 [Worker-28: Building] INFO  o.e.m.c.i.embedder.EclipseLogger - skip non existing resourceDirectory D:\Workspaces\Nexvali3\SeleniumDemos\src\test\resources
2024-02-09 06:44:37,252 [Worker-33: Building] INFO  o.e.m.c.i.l.LifecycleMappingFactory - Using org.eclipse.m2e.jdt.JarLifecycleMapping lifecycle mapping for MavenProject: Nexvalli:SeleniumDemos:0.0.1-SNAPSHOT @ D:\Workspaces\Nexvali3\SeleniumDemos\pom.xml.
2024-02-09 06:44:41,240 [Worker-33: Building] INFO  o.e.m.c.i.embedder.EclipseLogger - Using 'UTF-8' encoding to copy filtered resources.
2024-02-09 06:44:41,240 [Worker-33: Building] INFO  o.e.m.c.i.embedder.EclipseLogger - skip non existing resourceDirectory D:\Workspaces\Nexvali3\SeleniumDemos\src\main\resources
2024-02-09 06:44:41,245 [Worker-33: Building] INFO  o.e.m.c.i.embedder.EclipseLogger - Using 'UTF-8' encoding to copy filtered resources.
2024-02-09 06:44:41,245 [Worker-33: Building] INFO  o.e.m.c.i.embedder.EclipseLogger - skip non existing resourceDirectory D:\Workspaces\Nexvali3\SeleniumDemos\src\test\resources
2024-02-09 06:45:20,372 [Worker-29: Building] INFO  o.e.m.c.i.l.LifecycleMappingFactory - Using org.eclipse.m2e.jdt.JarLifecycleMapping lifecycle mapping for MavenProject: Nexvalli:SeleniumDemos:0.0.1-SNAPSHOT @ D:\Workspaces\Nexvali3\SeleniumDemos\pom.xml.
2024-02-09 06:45:21,611 [Worker-29: Building] INFO  o.e.m.c.i.embedder.EclipseLogger - Using 'UTF-8' encoding to copy filtered resources.
2024-02-09 06:45:21,611 [Worker-29: Building] INFO  o.e.m.c.i.embedder.EclipseLogger - skip non existing resourceDirectory D:\Workspaces\Nexvali3\SeleniumDemos\src\main\resources
2024-02-09 06:45:21,616 [Worker-29: Building] INFO  o.e.m.c.i.embedder.EclipseLogger - Using 'UTF-8' encoding to copy filtered resources.
2024-02-09 06:45:21,617 [Worker-29: Building] INFO  o.e.m.c.i.embedder.EclipseLogger - skip non existing resourceDirectory D:\Workspaces\Nexvali3\SeleniumDemos\src\test\resources
2024-02-09 06:45:43,436 [Worker-25: Building] INFO  o.e.m.c.i.l.LifecycleMappingFactory - Using org.eclipse.m2e.jdt.JarLifecycleMapping lifecycle mapping for MavenProject: Nexvalli:SeleniumDemos:0.0.1-SNAPSHOT @ D:\Workspaces\Nexvali3\SeleniumDemos\pom.xml.
2024-02-09 06:45:45,240 [Worker-25: Building] INFO  o.e.m.c.i.embedder.EclipseLogger - Using 'UTF-8' encoding to copy filtered resources.
2024-02-09 06:45:45,240 [Worker-25: Building] INFO  o.e.m.c.i.embedder.EclipseLogger - skip non existing resourceDirectory D:\Workspaces\Nexvali3\SeleniumDemos\src\main\resources
2024-02-09 06:45:45,245 [Worker-25: Building] INFO  o.e.m.c.i.embedder.EclipseLogger - Using 'UTF-8' encoding to copy filtered resources.
2024-02-09 06:45:45,246 [Worker-25: Building] INFO  o.e.m.c.i.embedder.EclipseLogger - skip non existing resourceDirectory D:\Workspaces\Nexvali3\SeleniumDemos\src\test\resources
2024-02-09 06:46:16,742 [Worker-25: Updating Maven Project] INFO  o.e.m.c.i.p.ProjectConfigurationManager - Update started
2024-02-09 06:46:18,608 [Worker-25: Updating Maven Project] INFO  o.e.m.c.i.l.LifecycleMappingFactory - Using org.eclipse.m2e.jdt.JarLifecycleMapping lifecycle mapping for MavenProject: Nexvalli:SeleniumDemos:0.0.1-SNAPSHOT @ D:\Workspaces\Nexvali3\SeleniumDemos\pom.xml.
2024-02-09 06:46:20,666 [Worker-25: Updating Maven Project] INFO  o.e.m.j.i.AbstractJavaProjectConfigurator - Adding source folder /SeleniumDemos/src/main/java
2024-02-09 06:46:20,666 [Worker-25: Updating Maven Project] INFO  o.e.m.j.i.AbstractJavaProjectConfigurator - Adding resource folder /SeleniumDemos/src/main/resources
2024-02-09 06:46:20,667 [Worker-25: Updating Maven Project] INFO  o.e.m.j.i.AbstractJavaProjectConfigurator - Adding source folder /SeleniumDemos/src/test/java
2024-02-09 06:46:20,667 [Worker-25: Updating Maven Project] INFO  o.e.m.j.i.AbstractJavaProjectConfigurator - Adding resource folder /SeleniumDemos/src/test/resources
2024-02-09 06:46:21,999 [Worker-25: Updating Maven Project] INFO  o.e.m.c.i.p.ProjectConfigurationManager - Update completed for 1 poms: local refresh takes 0.00 sec, refresh facades takes 3.00 sec, update config takes 1.00 sec 
2024-02-09 06:46:22,666 [Worker-25: Building] INFO  o.e.m.c.i.embedder.EclipseLogger - Using 'UTF-8' encoding to copy filtered resources.
2024-02-09 06:46:22,666 [Worker-25: Building] INFO  o.e.m.c.i.embedder.EclipseLogger - skip non existing resourceDirectory D:\Workspaces\Nexvali3\SeleniumDemos\src\main\resources
2024-02-09 06:46:22,670 [Worker-25: Building] INFO  o.e.m.c.i.embedder.EclipseLogger - Using 'UTF-8' encoding to copy filtered resources.
2024-02-09 06:46:22,670 [Worker-25: Building] INFO  o.e.m.c.i.embedder.EclipseLogger - skip non existing resourceDirectory D:\Workspaces\Nexvali3\SeleniumDemos\src\test\resources
2024-02-09 06:46:46,369 [Worker-34: Building] INFO  o.e.m.c.i.embedder.EclipseLogger - Using 'UTF-8' encoding to copy filtered resources.
2024-02-09 06:46:46,369 [Worker-34: Building] INFO  o.e.m.c.i.embedder.EclipseLogger - skip non existing resourceDirectory D:\Workspaces\Nexvali3\SeleniumDemos\src\main\resources
2024-02-09 06:46:46,372 [Worker-34: Building] INFO  o.e.m.c.i.embedder.EclipseLogger - Using 'UTF-8' encoding to copy filtered resources.
2024-02-09 06:46:46,372 [Worker-34: Building] INFO  o.e.m.c.i.embedder.EclipseLogger - skip non existing resourceDirectory D:\Workspaces\Nexvali3\SeleniumDemos\src\test\resources
2024-02-09 06:46:48,633 [Worker-34: Building] INFO  o.e.m.c.i.embedder.EclipseLogger - Using 'UTF-8' encoding to copy filtered resources.
2024-02-09 06:46:48,633 [Worker-34: Building] INFO  o.e.m.c.i.embedder.EclipseLogger - skip non existing resourceDirectory D:\Workspaces\Nexvali3\SeleniumDemos\src\main\resources
2024-02-09 06:46:48,635 [Worker-34: Building] INFO  o.e.m.c.i.embedder.EclipseLogger - Using 'UTF-8' encoding to copy filtered resources.
2024-02-09 06:46:48,636 [Worker-34: Building] INFO  o.e.m.c.i.embedder.EclipseLogger - skip non existing resourceDirectory D:\Workspaces\Nexvali3\SeleniumDemos\src\test\resources
2024-02-09 06:47:25,365 [Worker-25: Building] INFO  o.e.m.c.i.embedder.EclipseLogger - Using 'UTF-8' encoding to copy filtered resources.
2024-02-09 06:47:25,365 [Worker-25: Building] INFO  o.e.m.c.i.embedder.EclipseLogger - skip non existing resourceDirectory D:\Workspaces\Nexvali3\SeleniumDemos\src\main\resources
2024-02-09 06:47:25,368 [Worker-25: Building] INFO  o.e.m.c.i.embedder.EclipseLogger - Using 'UTF-8' encoding to copy filtered resources.
2024-02-09 06:47:25,368 [Worker-25: Building] INFO  o.e.m.c.i.embedder.EclipseLogger - skip non existing resourceDirectory D:\Workspaces\Nexvali3\SeleniumDemos\src\test\resources
2024-02-09 06:47:44,287 [Worker-34: Building] INFO  o.e.m.c.i.embedder.EclipseLogger - Using 'UTF-8' encoding to copy filtered resources.
2024-02-09 06:47:44,288 [Worker-34: Building] INFO  o.e.m.c.i.embedder.EclipseLogger - skip non existing resourceDirectory D:\Workspaces\Nexvali3\SeleniumDemos\src\main\resources
2024-02-09 06:47:44,290 [Worker-34: Building] INFO  o.e.m.c.i.embedder.EclipseLogger - Using 'UTF-8' encoding to copy filtered resources.
2024-02-09 06:47:44,290 [Worker-34: Building] INFO  o.e.m.c.i.embedder.EclipseLogger - skip non existing resourceDirectory D:\Workspaces\Nexvali3\SeleniumDemos\src\test\resources
2024-02-09 06:48:29,753 [Worker-25: Building] INFO  o.e.m.c.i.embedder.EclipseLogger - Using 'UTF-8' encoding to copy filtered resources.
2024-02-09 06:48:29,754 [Worker-25: Building] INFO  o.e.m.c.i.embedder.EclipseLogger - skip non existing resourceDirectory D:\Workspaces\Nexvali3\SeleniumDemos\src\main\resources
2024-02-09 06:48:29,756 [Worker-25: Building] INFO  o.e.m.c.i.embedder.EclipseLogger - Using 'UTF-8' encoding to copy filtered resources.
2024-02-09 06:48:29,756 [Worker-25: Building] INFO  o.e.m.c.i.embedder.EclipseLogger - skip non existing resourceDirectory D:\Workspaces\Nexvali3\SeleniumDemos\src\test\resources
2024-02-09 06:49:06,385 [Worker-28: Building] INFO  o.e.m.c.i.embedder.EclipseLogger - Using 'UTF-8' encoding to copy filtered resources.
2024-02-09 06:49:06,385 [Worker-28: Building] INFO  o.e.m.c.i.embedder.EclipseLogger - skip non existing resourceDirectory D:\Workspaces\Nexvali3\SeleniumDemos\src\main\resources
2024-02-09 06:49:06,388 [Worker-28: Building] INFO  o.e.m.c.i.embedder.EclipseLogger - Using 'UTF-8' encoding to copy filtered resources.
2024-02-09 06:49:06,388 [Worker-28: Building] INFO  o.e.m.c.i.embedder.EclipseLogger - skip non existing resourceDirectory D:\Workspaces\Nexvali3\SeleniumDemos\src\test\resources
2024-02-09 06:49:26,348 [Worker-34: Building] INFO  o.e.m.c.i.embedder.EclipseLogger - Using 'UTF-8' encoding to copy filtered resources.
2024-02-09 06:49:26,348 [Worker-34: Building] INFO  o.e.m.c.i.embedder.EclipseLogger - skip non existing resourceDirectory D:\Workspaces\Nexvali3\SeleniumDemos\src\main\resources
2024-02-09 06:49:26,350 [Worker-34: Building] INFO  o.e.m.c.i.embedder.EclipseLogger - Using 'UTF-8' encoding to copy filtered resources.
2024-02-09 06:49:26,350 [Worker-34: Building] INFO  o.e.m.c.i.embedder.EclipseLogger - skip non existing resourceDirectory D:\Workspaces\Nexvali3\SeleniumDemos\src\test\resources
2024-02-09 06:50:34,907 [Worker-34: Building] INFO  o.e.m.c.i.embedder.EclipseLogger - Using 'UTF-8' encoding to copy filtered resources.
2024-02-09 06:50:34,908 [Worker-34: Building] INFO  o.e.m.c.i.embedder.EclipseLogger - skip non existing resourceDirectory D:\Workspaces\Nexvali3\SeleniumDemos\src\main\resources
2024-02-09 06:50:34,910 [Worker-34: Building] INFO  o.e.m.c.i.embedder.EclipseLogger - Using 'UTF-8' encoding to copy filtered resources.
2024-02-09 06:50:34,911 [Worker-34: Building] INFO  o.e.m.c.i.embedder.EclipseLogger - skip non existing resourceDirectory D:\Workspaces\Nexvali3\SeleniumDemos\src\test\resources
2024-02-09 06:51:35,901 [Worker-32: Launching BrowserSetup] INFO  o.e.m.c.i.embedder.EclipseLogger - Using 'UTF-8' encoding to copy filtered resources.
2024-02-09 06:51:35,902 [Worker-32: Launching BrowserSetup] INFO  o.e.m.c.i.embedder.EclipseLogger - skip non existing resourceDirectory D:\Workspaces\Nexvali3\SeleniumDemos\src\main\resources
2024-02-09 06:51:35,904 [Worker-32: Launching BrowserSetup] INFO  o.e.m.c.i.embedder.EclipseLogger - Using 'UTF-8' encoding to copy filtered resources.
2024-02-09 06:51:35,904 [Worker-32: Launching BrowserSetup] INFO  o.e.m.c.i.embedder.EclipseLogger - skip non existing resourceDirectory D:\Workspaces\Nexvali3\SeleniumDemos\src\test\resources
2024-02-09 06:59:30,311 [Worker-37: Building] INFO  o.e.m.c.i.embedder.EclipseLogger - Using 'UTF-8' encoding to copy filtered resources.
2024-02-09 06:59:30,312 [Worker-37: Building] INFO  o.e.m.c.i.embedder.EclipseLogger - skip non existing resourceDirectory D:\Workspaces\Nexvali3\SeleniumDemos\src\main\resources
2024-02-09 06:59:30,314 [Worker-37: Building] INFO  o.e.m.c.i.embedder.EclipseLogger - Using 'UTF-8' encoding to copy filtered resources.
2024-02-09 06:59:30,315 [Worker-37: Building] INFO  o.e.m.c.i.embedder.EclipseLogger - skip non existing resourceDirectory D:\Workspaces\Nexvali3\SeleniumDemos\src\test\resources
2024-02-09 06:59:49,149 [Worker-36: Building] INFO  o.e.m.c.i.embedder.EclipseLogger - Using 'UTF-8' encoding to copy filtered resources.
2024-02-09 06:59:49,149 [Worker-36: Building] INFO  o.e.m.c.i.embedder.EclipseLogger - skip non existing resourceDirectory D:\Workspaces\Nexvali3\SeleniumDemos\src\main\resources
2024-02-09 06:59:49,151 [Worker-36: Building] INFO  o.e.m.c.i.embedder.EclipseLogger - Using 'UTF-8' encoding to copy filtered resources.
2024-02-09 06:59:49,151 [Worker-36: Building] INFO  o.e.m.c.i.embedder.EclipseLogger - skip non existing resourceDirectory D:\Workspaces\Nexvali3\SeleniumDemos\src\test\resources
2024-02-09 07:00:07,684 [Worker-39: Building] INFO  o.e.m.c.i.embedder.EclipseLogger - Using 'UTF-8' encoding to copy filtered resources.
2024-02-09 07:00:07,684 [Worker-39: Building] INFO  o.e.m.c.i.embedder.EclipseLogger - skip non existing resourceDirectory D:\Workspaces\Nexvali3\SeleniumDemos\src\main\resources
2024-02-09 07:00:07,686 [Worker-39: Building] INFO  o.e.m.c.i.embedder.EclipseLogger - Using 'UTF-8' encoding to copy filtered resources.
2024-02-09 07:00:07,687 [Worker-39: Building] INFO  o.e.m.c.i.embedder.EclipseLogger - skip non existing resourceDirectory D:\Workspaces\Nexvali3\SeleniumDemos\src\test\resources
2024-02-09 07:00:36,128 [Worker-32: Building] INFO  o.e.m.c.i.embedder.EclipseLogger - Using 'UTF-8' encoding to copy filtered resources.
2024-02-09 07:00:36,128 [Worker-32: Building] INFO  o.e.m.c.i.embedder.EclipseLogger - skip non existing resourceDirectory D:\Workspaces\Nexvali3\SeleniumDemos\src\main\resources
2024-02-09 07:00:36,131 [Worker-32: Building] INFO  o.e.m.c.i.embedder.EclipseLogger - Using 'UTF-8' encoding to copy filtered resources.
2024-02-09 07:00:36,131 [Worker-32: Building] INFO  o.e.m.c.i.embedder.EclipseLogger - skip non existing resourceDirectory D:\Workspaces\Nexvali3\SeleniumDemos\src\test\resources
2024-02-09 07:01:55,852 [Worker-36: Building] INFO  o.e.m.c.i.embedder.EclipseLogger - Using 'UTF-8' encoding to copy filtered resources.
2024-02-09 07:01:55,852 [Worker-36: Building] INFO  o.e.m.c.i.embedder.EclipseLogger - skip non existing resourceDirectory D:\Workspaces\Nexvali3\SeleniumDemos\src\main\resources
2024-02-09 07:01:55,854 [Worker-36: Building] INFO  o.e.m.c.i.embedder.EclipseLogger - Using 'UTF-8' encoding to copy filtered resources.
2024-02-09 07:01:55,855 [Worker-36: Building] INFO  o.e.m.c.i.embedder.EclipseLogger - skip non existing resourceDirectory D:\Workspaces\Nexvali3\SeleniumDemos\src\test\resources
2024-02-09 07:03:59,974 [Worker-30: Launching BrowserSetup] INFO  o.e.m.c.i.embedder.EclipseLogger - Using 'UTF-8' encoding to copy filtered resources.
2024-02-09 07:03:59,974 [Worker-30: Launching BrowserSetup] INFO  o.e.m.c.i.embedder.EclipseLogger - skip non existing resourceDirectory D:\Workspaces\Nexvali3\SeleniumDemos\src\main\resources
2024-02-09 07:03:59,976 [Worker-30: Launching BrowserSetup] INFO  o.e.m.c.i.embedder.EclipseLogger - Using 'UTF-8' encoding to copy filtered resources.
2024-02-09 07:03:59,977 [Worker-30: Launching BrowserSetup] INFO  o.e.m.c.i.embedder.EclipseLogger - skip non existing resourceDirectory D:\Workspaces\Nexvali3\SeleniumDemos\src\test\resources
2024-02-09 07:05:04,182 [Worker-40: Launching BrowserSetup] INFO  o.e.m.c.i.embedder.EclipseLogger - Using 'UTF-8' encoding to copy filtered resources.
2024-02-09 07:05:04,182 [Worker-40: Launching BrowserSetup] INFO  o.e.m.c.i.embedder.EclipseLogger - skip non existing resourceDirectory D:\Workspaces\Nexvali3\SeleniumDemos\src\main\resources
2024-02-09 07:05:04,184 [Worker-40: Launching BrowserSetup] INFO  o.e.m.c.i.embedder.EclipseLogger - Using 'UTF-8' encoding to copy filtered resources.
2024-02-09 07:05:04,184 [Worker-40: Launching BrowserSetup] INFO  o.e.m.c.i.embedder.EclipseLogger - skip non existing resourceDirectory D:\Workspaces\Nexvali3\SeleniumDemos\src\test\resources
2024-02-09 07:05:52,376 [Worker-37: Launching BrowserSetup] INFO  o.e.m.c.i.embedder.EclipseLogger - Using 'UTF-8' encoding to copy filtered resources.
2024-02-09 07:05:52,376 [Worker-37: Launching BrowserSetup] INFO  o.e.m.c.i.embedder.EclipseLogger - skip non existing resourceDirectory D:\Workspaces\Nexvali3\SeleniumDemos\src\main\resources
2024-02-09 07:05:52,379 [Worker-37: Launching BrowserSetup] INFO  o.e.m.c.i.embedder.EclipseLogger - Using 'UTF-8' encoding to copy filtered resources.
2024-02-09 07:05:52,379 [Worker-37: Launching BrowserSetup] INFO  o.e.m.c.i.embedder.EclipseLogger - skip non existing resourceDirectory D:\Workspaces\Nexvali3\SeleniumDemos\src\test\resources
2024-02-09 07:06:23,998 [Worker-40: Building] INFO  o.e.m.c.i.embedder.EclipseLogger - Using 'UTF-8' encoding to copy filtered resources.
2024-02-09 07:06:23,999 [Worker-40: Building] INFO  o.e.m.c.i.embedder.EclipseLogger - skip non existing resourceDirectory D:\Workspaces\Nexvali3\SeleniumDemos\src\main\resources
2024-02-09 07:06:24,001 [Worker-40: Building] INFO  o.e.m.c.i.embedder.EclipseLogger - Using 'UTF-8' encoding to copy filtered resources.
2024-02-09 07:06:24,001 [Worker-40: Building] INFO  o.e.m.c.i.embedder.EclipseLogger - skip non existing resourceDirectory D:\Workspaces\Nexvali3\SeleniumDemos\src\test\resources
2024-02-09 07:06:33,033 [Worker-37: Building] INFO  o.e.m.c.i.embedder.EclipseLogger - Using 'UTF-8' encoding to copy filtered resources.
2024-02-09 07:06:33,034 [Worker-37: Building] INFO  o.e.m.c.i.embedder.EclipseLogger - skip non existing resourceDirectory D:\Workspaces\Nexvali3\SeleniumDemos\src\main\resources
2024-02-09 07:06:33,036 [Worker-37: Building] INFO  o.e.m.c.i.embedder.EclipseLogger - Using 'UTF-8' encoding to copy filtered resources.
2024-02-09 07:06:33,036 [Worker-37: Building] INFO  o.e.m.c.i.embedder.EclipseLogger - skip non existing resourceDirectory D:\Workspaces\Nexvali3\SeleniumDemos\src\test\resources
2024-02-09 07:06:46,484 [Worker-30: Building] INFO  o.e.m.c.i.embedder.EclipseLogger - Using 'UTF-8' encoding to copy filtered resources.
2024-02-09 07:06:46,488 [Worker-30: Building] INFO  o.e.m.c.i.embedder.EclipseLogger - skip non existing resourceDirectory D:\Workspaces\Nexvali3\SeleniumDemos\src\main\resources
2024-02-09 07:06:46,510 [Worker-30: Building] INFO  o.e.m.c.i.embedder.EclipseLogger - Using 'UTF-8' encoding to copy filtered resources.
2024-02-09 07:06:46,511 [Worker-30: Building] INFO  o.e.m.c.i.embedder.EclipseLogger - skip non existing resourceDirectory D:\Workspaces\Nexvali3\SeleniumDemos\src\test\resources
2024-02-09 07:07:02,593 [Worker-32: Launching BrowserSetup] INFO  o.e.m.c.i.embedder.EclipseLogger - Using 'UTF-8' encoding to copy filtered resources.
2024-02-09 07:07:02,593 [Worker-32: Launching BrowserSetup] INFO  o.e.m.c.i.embedder.EclipseLogger - skip non existing resourceDirectory D:\Workspaces\Nexvali3\SeleniumDemos\src\main\resources
2024-02-09 07:07:02,596 [Worker-32: Launching BrowserSetup] INFO  o.e.m.c.i.embedder.EclipseLogger - Using 'UTF-8' encoding to copy filtered resources.
2024-02-09 07:07:02,596 [Worker-32: Launching BrowserSetup] INFO  o.e.m.c.i.embedder.EclipseLogger - skip non existing resourceDirectory D:\Workspaces\Nexvali3\SeleniumDemos\src\test\resources
2024-02-09 07:07:40,231 [Worker-41: Building] INFO  o.e.m.c.i.embedder.EclipseLogger - Using 'UTF-8' encoding to copy filtered resources.
2024-02-09 07:07:40,231 [Worker-41: Building] INFO  o.e.m.c.i.embedder.EclipseLogger - skip non existing resourceDirectory D:\Workspaces\Nexvali3\SeleniumDemos\src\main\resources
2024-02-09 07:07:40,233 [Worker-41: Building] INFO  o.e.m.c.i.embedder.EclipseLogger - Using 'UTF-8' encoding to copy filtered resources.
2024-02-09 07:07:40,234 [Worker-41: Building] INFO  o.e.m.c.i.embedder.EclipseLogger - skip non existing resourceDirectory D:\Workspaces\Nexvali3\SeleniumDemos\src\test\resources
2024-02-09 07:08:21,025 [Worker-32: Building] INFO  o.e.m.c.i.embedder.EclipseLogger - Using 'UTF-8' encoding to copy filtered resources.
2024-02-09 07:08:21,026 [Worker-32: Building] INFO  o.e.m.c.i.embedder.EclipseLogger - skip non existing resourceDirectory D:\Workspaces\Nexvali3\SeleniumDemos\src\main\resources
2024-02-09 07:08:21,028 [Worker-32: Building] INFO  o.e.m.c.i.embedder.EclipseLogger - Using 'UTF-8' encoding to copy filtered resources.
2024-02-09 07:08:21,028 [Worker-32: Building] INFO  o.e.m.c.i.embedder.EclipseLogger - skip non existing resourceDirectory D:\Workspaces\Nexvali3\SeleniumDemos\src\test\resources
2024-02-09 07:10:41,623 [Worker-39: Building] INFO  o.e.m.c.i.embedder.EclipseLogger - Using 'UTF-8' encoding to copy filtered resources.
2024-02-09 07:10:41,623 [Worker-39: Building] INFO  o.e.m.c.i.embedder.EclipseLogger - skip non existing resourceDirectory D:\Workspaces\Nexvali3\SeleniumDemos\src\main\resources
2024-02-09 07:10:41,627 [Worker-39: Building] INFO  o.e.m.c.i.embedder.EclipseLogger - Using 'UTF-8' encoding to copy filtered resources.
2024-02-09 07:10:41,628 [Worker-39: Building] INFO  o.e.m.c.i.embedder.EclipseLogger - skip non existing resourceDirectory D:\Workspaces\Nexvali3\SeleniumDemos\src\test\resources
2024-02-09 07:14:16,227 [Worker-43: Building] INFO  o.e.m.c.i.embedder.EclipseLogger - Using 'UTF-8' encoding to copy filtered resources.
2024-02-09 07:14:16,227 [Worker-43: Building] INFO  o.e.m.c.i.embedder.EclipseLogger - skip non existing resourceDirectory D:\Workspaces\Nexvali3\SeleniumDemos\src\main\resources
2024-02-09 07:14:16,230 [Worker-43: Building] INFO  o.e.m.c.i.embedder.EclipseLogger - Using 'UTF-8' encoding to copy filtered resources.
2024-02-09 07:14:16,231 [Worker-43: Building] INFO  o.e.m.c.i.embedder.EclipseLogger - skip non existing resourceDirectory D:\Workspaces\Nexvali3\SeleniumDemos\src\test\resources
2024-02-09 07:15:19,063 [Worker-47: Building] INFO  o.e.m.c.i.embedder.EclipseLogger - Using 'UTF-8' encoding to copy filtered resources.
2024-02-09 07:15:19,063 [Worker-47: Building] INFO  o.e.m.c.i.embedder.EclipseLogger - skip non existing resourceDirectory D:\Workspaces\Nexvali3\SeleniumDemos\src\main\resources
2024-02-09 07:15:19,065 [Worker-47: Building] INFO  o.e.m.c.i.embedder.EclipseLogger - Using 'UTF-8' encoding to copy filtered resources.
2024-02-09 07:15:19,065 [Worker-47: Building] INFO  o.e.m.c.i.embedder.EclipseLogger - skip non existing resourceDirectory D:\Workspaces\Nexvali3\SeleniumDemos\src\test\resources
2024-02-09 07:15:34,347 [Worker-45: Building] INFO  o.e.m.c.i.embedder.EclipseLogger - Using 'UTF-8' encoding to copy filtered resources.
2024-02-09 07:15:34,347 [Worker-45: Building] INFO  o.e.m.c.i.embedder.EclipseLogger - skip non existing resourceDirectory D:\Workspaces\Nexvali3\SeleniumDemos\src\main\resources
2024-02-09 07:15:34,350 [Worker-45: Building] INFO  o.e.m.c.i.embedder.EclipseLogger - Using 'UTF-8' encoding to copy filtered resources.
2024-02-09 07:15:34,350 [Worker-45: Building] INFO  o.e.m.c.i.embedder.EclipseLogger - skip non existing resourceDirectory D:\Workspaces\Nexvali3\SeleniumDemos\src\test\resources
2024-02-09 07:16:17,297 [Worker-43: Building] INFO  o.e.m.c.i.embedder.EclipseLogger - Using 'UTF-8' encoding to copy filtered resources.
2024-02-09 07:16:17,297 [Worker-43: Building] INFO  o.e.m.c.i.embedder.EclipseLogger - skip non existing resourceDirectory D:\Workspaces\Nexvali3\SeleniumDemos\src\main\resources
2024-02-09 07:16:17,299 [Worker-43: Building] INFO  o.e.m.c.i.embedder.EclipseLogger - Using 'UTF-8' encoding to copy filtered resources.
2024-02-09 07:16:17,299 [Worker-43: Building] INFO  o.e.m.c.i.embedder.EclipseLogger - skip non existing resourceDirectory D:\Workspaces\Nexvali3\SeleniumDemos\src\test\resources
2024-02-09 07:16:38,498 [Worker-43: Building] INFO  o.e.m.c.i.embedder.EclipseLogger - Using 'UTF-8' encoding to copy filtered resources.
2024-02-09 07:16:38,498 [Worker-43: Building] INFO  o.e.m.c.i.embedder.EclipseLogger - skip non existing resourceDirectory D:\Workspaces\Nexvali3\SeleniumDemos\src\main\resources
2024-02-09 07:16:38,501 [Worker-43: Building] INFO  o.e.m.c.i.embedder.EclipseLogger - Using 'UTF-8' encoding to copy filtered resources.
2024-02-09 07:16:38,501 [Worker-43: Building] INFO  o.e.m.c.i.embedder.EclipseLogger - skip non existing resourceDirectory D:\Workspaces\Nexvali3\SeleniumDemos\src\test\resources
2024-02-09 07:20:09,243 [Worker-39: Building] INFO  o.e.m.c.i.embedder.EclipseLogger - Using 'UTF-8' encoding to copy filtered resources.
2024-02-09 07:20:09,243 [Worker-39: Building] INFO  o.e.m.c.i.embedder.EclipseLogger - skip non existing resourceDirectory D:\Workspaces\Nexvali3\SeleniumDemos\src\main\resources
2024-02-09 07:20:09,245 [Worker-39: Building] INFO  o.e.m.c.i.embedder.EclipseLogger - Using 'UTF-8' encoding to copy filtered resources.
2024-02-09 07:20:09,245 [Worker-39: Building] INFO  o.e.m.c.i.embedder.EclipseLogger - skip non existing resourceDirectory D:\Workspaces\Nexvali3\SeleniumDemos\src\test\resources
2024-02-09 07:27:47,661 [Worker-51: Building] INFO  o.e.m.c.i.embedder.EclipseLogger - Using 'UTF-8' encoding to copy filtered resources.
2024-02-09 07:27:47,662 [Worker-51: Building] INFO  o.e.m.c.i.embedder.EclipseLogger - skip non existing resourceDirectory D:\Workspaces\Nexvali3\SeleniumDemos\src\main\resources
2024-02-09 07:27:47,664 [Worker-51: Building] INFO  o.e.m.c.i.embedder.EclipseLogger - Using 'UTF-8' encoding to copy filtered resources.
2024-02-09 07:27:47,665 [Worker-51: Building] INFO  o.e.m.c.i.embedder.EclipseLogger - skip non existing resourceDirectory D:\Workspaces\Nexvali3\SeleniumDemos\src\test\resources
2024-02-09 07:28:18,873 [Worker-51: Building] INFO  o.e.m.c.i.embedder.EclipseLogger - Using 'UTF-8' encoding to copy filtered resources.
2024-02-09 07:28:18,873 [Worker-51: Building] INFO  o.e.m.c.i.embedder.EclipseLogger - skip non existing resourceDirectory D:\Workspaces\Nexvali3\SeleniumDemos\src\main\resources
2024-02-09 07:28:18,914 [Worker-51: Building] INFO  o.e.m.c.i.embedder.EclipseLogger - Using 'UTF-8' encoding to copy filtered resources.
2024-02-09 07:28:18,914 [Worker-51: Building] INFO  o.e.m.c.i.embedder.EclipseLogger - skip non existing resourceDirectory D:\Workspaces\Nexvali3\SeleniumDemos\src\test\resources
2024-02-09 07:28:36,349 [Worker-49: Building] INFO  o.e.m.c.i.embedder.EclipseLogger - Using 'UTF-8' encoding to copy filtered resources.
2024-02-09 07:28:36,349 [Worker-49: Building] INFO  o.e.m.c.i.embedder.EclipseLogger - skip non existing resourceDirectory D:\Workspaces\Nexvali3\SeleniumDemos\src\main\resources
2024-02-09 07:28:36,351 [Worker-49: Building] INFO  o.e.m.c.i.embedder.EclipseLogger - Using 'UTF-8' encoding to copy filtered resources.
2024-02-09 07:28:36,351 [Worker-49: Building] INFO  o.e.m.c.i.embedder.EclipseLogger - skip non existing resourceDirectory D:\Workspaces\Nexvali3\SeleniumDemos\src\test\resources
2024-02-09 07:29:07,057 [Worker-54: Building] INFO  o.e.m.c.i.embedder.EclipseLogger - Using 'UTF-8' encoding to copy filtered resources.
2024-02-09 07:29:07,058 [Worker-54: Building] INFO  o.e.m.c.i.embedder.EclipseLogger - skip non existing resourceDirectory D:\Workspaces\Nexvali3\SeleniumDemos\src\main\resources
2024-02-09 07:29:07,060 [Worker-54: Building] INFO  o.e.m.c.i.embedder.EclipseLogger - Using 'UTF-8' encoding to copy filtered resources.
2024-02-09 07:29:07,060 [Worker-54: Building] INFO  o.e.m.c.i.embedder.EclipseLogger - skip non existing resourceDirectory D:\Workspaces\Nexvali3\SeleniumDemos\src\test\resources
2024-02-09 07:30:00,146 [Worker-52: Building] INFO  o.e.m.c.i.embedder.EclipseLogger - Using 'UTF-8' encoding to copy filtered resources.
2024-02-09 07:30:00,146 [Worker-52: Building] INFO  o.e.m.c.i.embedder.EclipseLogger - skip non existing resourceDirectory D:\Workspaces\Nexvali3\SeleniumDemos\src\main\resources
2024-02-09 07:30:00,148 [Worker-52: Building] INFO  o.e.m.c.i.embedder.EclipseLogger - Using 'UTF-8' encoding to copy filtered resources.
2024-02-09 07:30:00,148 [Worker-52: Building] INFO  o.e.m.c.i.embedder.EclipseLogger - skip non existing resourceDirectory D:\Workspaces\Nexvali3\SeleniumDemos\src\test\resources
2024-02-09 07:30:06,309 [Worker-51: Building] INFO  o.e.m.c.i.embedder.EclipseLogger - Using 'UTF-8' encoding to copy filtered resources.
2024-02-09 07:30:06,309 [Worker-51: Building] INFO  o.e.m.c.i.embedder.EclipseLogger - skip non existing resourceDirectory D:\Workspaces\Nexvali3\SeleniumDemos\src\main\resources
2024-02-09 07:30:06,311 [Worker-51: Building] INFO  o.e.m.c.i.embedder.EclipseLogger - Using 'UTF-8' encoding to copy filtered resources.
2024-02-09 07:30:06,311 [Worker-51: Building] INFO  o.e.m.c.i.embedder.EclipseLogger - skip non existing resourceDirectory D:\Workspaces\Nexvali3\SeleniumDemos\src\test\resources
2024-02-09 07:30:52,348 [Worker-51: Building] INFO  o.e.m.c.i.embedder.EclipseLogger - Using 'UTF-8' encoding to copy filtered resources.
2024-02-09 07:30:52,348 [Worker-51: Building] INFO  o.e.m.c.i.embedder.EclipseLogger - skip non existing resourceDirectory D:\Workspaces\Nexvali3\SeleniumDemos\src\main\resources
2024-02-09 07:30:52,350 [Worker-51: Building] INFO  o.e.m.c.i.embedder.EclipseLogger - Using 'UTF-8' encoding to copy filtered resources.
2024-02-09 07:30:52,350 [Worker-51: Building] INFO  o.e.m.c.i.embedder.EclipseLogger - skip non existing resourceDirectory D:\Workspaces\Nexvali3\SeleniumDemos\src\test\resources
2024-02-09 07:31:37,490 [Worker-56: Building] INFO  o.e.m.c.i.embedder.EclipseLogger - Using 'UTF-8' encoding to copy filtered resources.
2024-02-09 07:31:37,490 [Worker-56: Building] INFO  o.e.m.c.i.embedder.EclipseLogger - skip non existing resourceDirectory D:\Workspaces\Nexvali3\SeleniumDemos\src\main\resources
2024-02-09 07:31:37,492 [Worker-56: Building] INFO  o.e.m.c.i.embedder.EclipseLogger - Using 'UTF-8' encoding to copy filtered resources.
2024-02-09 07:31:37,492 [Worker-56: Building] INFO  o.e.m.c.i.embedder.EclipseLogger - skip non existing resourceDirectory D:\Workspaces\Nexvali3\SeleniumDemos\src\test\resources
2024-02-09 07:32:29,889 [Worker-54: Building] INFO  o.e.m.c.i.embedder.EclipseLogger - Using 'UTF-8' encoding to copy filtered resources.
2024-02-09 07:32:29,889 [Worker-54: Building] INFO  o.e.m.c.i.embedder.EclipseLogger - skip non existing resourceDirectory D:\Workspaces\Nexvali3\SeleniumDemos\src\main\resources
2024-02-09 07:32:29,892 [Worker-54: Building] INFO  o.e.m.c.i.embedder.EclipseLogger - Using 'UTF-8' encoding to copy filtered resources.
2024-02-09 07:32:29,892 [Worker-54: Building] INFO  o.e.m.c.i.embedder.EclipseLogger - skip non existing resourceDirectory D:\Workspaces\Nexvali3\SeleniumDemos\src\test\resources
2024-02-09 07:35:08,791 [Worker-57: Building] INFO  o.e.m.c.i.embedder.EclipseLogger - Using 'UTF-8' encoding to copy filtered resources.
2024-02-09 07:35:08,792 [Worker-57: Building] INFO  o.e.m.c.i.embedder.EclipseLogger - skip non existing resourceDirectory D:\Workspaces\Nexvali3\SeleniumDemos\src\main\resources
2024-02-09 07:35:08,795 [Worker-57: Building] INFO  o.e.m.c.i.embedder.EclipseLogger - Using 'UTF-8' encoding to copy filtered resources.
2024-02-09 07:35:08,795 [Worker-57: Building] INFO  o.e.m.c.i.embedder.EclipseLogger - skip non existing resourceDirectory D:\Workspaces\Nexvali3\SeleniumDemos\src\test\resources
2024-02-09 07:35:20,680 [Worker-58: Launching Webelements] INFO  o.e.m.c.i.embedder.EclipseLogger - Using 'UTF-8' encoding to copy filtered resources.
2024-02-09 07:35:20,680 [Worker-58: Launching Webelements] INFO  o.e.m.c.i.embedder.EclipseLogger - skip non existing resourceDirectory D:\Workspaces\Nexvali3\SeleniumDemos\src\main\resources
2024-02-09 07:35:20,683 [Worker-58: Launching Webelements] INFO  o.e.m.c.i.embedder.EclipseLogger - Using 'UTF-8' encoding to copy filtered resources.
2024-02-09 07:35:20,683 [Worker-58: Launching Webelements] INFO  o.e.m.c.i.embedder.EclipseLogger - skip non existing resourceDirectory D:\Workspaces\Nexvali3\SeleniumDemos\src\test\resources
2024-02-09 07:36:30,952 [Worker-53: Building] INFO  o.e.m.c.i.embedder.EclipseLogger - Using 'UTF-8' encoding to copy filtered resources.
2024-02-09 07:36:30,952 [Worker-53: Building] INFO  o.e.m.c.i.embedder.EclipseLogger - skip non existing resourceDirectory D:\Workspaces\Nexvali3\SeleniumDemos\src\main\resources
2024-02-09 07:36:30,954 [Worker-53: Building] INFO  o.e.m.c.i.embedder.EclipseLogger - Using 'UTF-8' encoding to copy filtered resources.
2024-02-09 07:36:30,954 [Worker-53: Building] INFO  o.e.m.c.i.embedder.EclipseLogger - skip non existing resourceDirectory D:\Workspaces\Nexvali3\SeleniumDemos\src\test\resources
2024-02-09 07:36:41,891 [Worker-60: Building] INFO  o.e.m.c.i.embedder.EclipseLogger - Using 'UTF-8' encoding to copy filtered resources.
2024-02-09 07:36:41,892 [Worker-60: Building] INFO  o.e.m.c.i.embedder.EclipseLogger - skip non existing resourceDirectory D:\Workspaces\Nexvali3\SeleniumDemos\src\main\resources
2024-02-09 07:36:41,894 [Worker-60: Building] INFO  o.e.m.c.i.embedder.EclipseLogger - Using 'UTF-8' encoding to copy filtered resources.
2024-02-09 07:36:41,894 [Worker-60: Building] INFO  o.e.m.c.i.embedder.EclipseLogger - skip non existing resourceDirectory D:\Workspaces\Nexvali3\SeleniumDemos\src\test\resources
2024-02-09 07:41:25,739 [Worker-62: Building] INFO  o.e.m.c.i.embedder.EclipseLogger - Using 'UTF-8' encoding to copy filtered resources.
2024-02-09 07:41:25,740 [Worker-62: Building] INFO  o.e.m.c.i.embedder.EclipseLogger - skip non existing resourceDirectory D:\Workspaces\Nexvali3\SeleniumDemos\src\main\resources
2024-02-09 07:41:25,742 [Worker-62: Building] INFO  o.e.m.c.i.embedder.EclipseLogger - Using 'UTF-8' encoding to copy filtered resources.
2024-02-09 07:41:25,742 [Worker-62: Building] INFO  o.e.m.c.i.embedder.EclipseLogger - skip non existing resourceDirectory D:\Workspaces\Nexvali3\SeleniumDemos\src\test\resources
2024-02-09 15:01:55,320 [Worker-89: Building] INFO  o.e.m.c.i.embedder.EclipseLogger - Using 'UTF-8' encoding to copy filtered resources.
2024-02-09 15:01:55,320 [Worker-89: Building] INFO  o.e.m.c.i.embedder.EclipseLogger - skip non existing resourceDirectory D:\Workspaces\Nexvali3\SeleniumDemos\src\main\resources
2024-02-09 15:01:55,324 [Worker-89: Building] INFO  o.e.m.c.i.embedder.EclipseLogger - Using 'UTF-8' encoding to copy filtered resources.
2024-02-09 15:01:55,325 [Worker-89: Building] INFO  o.e.m.c.i.embedder.EclipseLogger - skip non existing resourceDirectory D:\Workspaces\Nexvali3\SeleniumDemos\src\test\resources
2024-02-09 15:02:26,725 [Worker-90: Launching sss] INFO  o.e.m.c.i.embedder.EclipseLogger - Using 'UTF-8' encoding to copy filtered resources.
2024-02-09 15:02:26,725 [Worker-90: Launching sss] INFO  o.e.m.c.i.embedder.EclipseLogger - skip non existing resourceDirectory D:\Workspaces\Nexvali3\SeleniumDemos\src\main\resources
2024-02-09 15:02:26,727 [Worker-90: Launching sss] INFO  o.e.m.c.i.embedder.EclipseLogger - Using 'UTF-8' encoding to copy filtered resources.
2024-02-09 15:02:26,728 [Worker-90: Launching sss] INFO  o.e.m.c.i.embedder.EclipseLogger - skip non existing resourceDirectory D:\Workspaces\Nexvali3\SeleniumDemos\src\test\resources
2024-02-09 15:07:18,143 [Worker-91: Building] INFO  o.e.m.c.i.embedder.EclipseLogger - Using 'UTF-8' encoding to copy filtered resources.
2024-02-09 15:07:18,143 [Worker-91: Building] INFO  o.e.m.c.i.embedder.EclipseLogger - skip non existing resourceDirectory D:\Workspaces\Nexvali3\SeleniumDemos\src\main\resources
2024-02-09 15:07:18,145 [Worker-91: Building] INFO  o.e.m.c.i.embedder.EclipseLogger - Using 'UTF-8' encoding to copy filtered resources.
2024-02-09 15:07:18,146 [Worker-91: Building] INFO  o.e.m.c.i.embedder.EclipseLogger - skip non existing resourceDirectory D:\Workspaces\Nexvali3\SeleniumDemos\src\test\resources
2024-02-10 06:47:14,287 [Worker-140: Building] INFO  o.e.m.c.i.embedder.EclipseLogger - Using 'UTF-8' encoding to copy filtered resources.
2024-02-10 06:47:14,288 [Worker-140: Building] INFO  o.e.m.c.i.embedder.EclipseLogger - skip non existing resourceDirectory D:\Workspaces\Nexvali3\SeleniumDemos\src\main\resources
2024-02-10 06:47:14,290 [Worker-140: Building] INFO  o.e.m.c.i.embedder.EclipseLogger - Using 'UTF-8' encoding to copy filtered resources.
2024-02-10 06:47:14,290 [Worker-140: Building] INFO  o.e.m.c.i.embedder.EclipseLogger - skip non existing resourceDirectory D:\Workspaces\Nexvali3\SeleniumDemos\src\test\resources
2024-02-10 06:48:59,008 [Worker-134: Building] INFO  o.e.m.c.i.embedder.EclipseLogger - Using 'UTF-8' encoding to copy filtered resources.
2024-02-10 06:48:59,008 [Worker-134: Building] INFO  o.e.m.c.i.embedder.EclipseLogger - skip non existing resourceDirectory D:\Workspaces\Nexvali3\SeleniumDemos\src\main\resources
2024-02-10 06:48:59,011 [Worker-134: Building] INFO  o.e.m.c.i.embedder.EclipseLogger - Using 'UTF-8' encoding to copy filtered resources.
2024-02-10 06:48:59,011 [Worker-134: Building] INFO  o.e.m.c.i.embedder.EclipseLogger - skip non existing resourceDirectory D:\Workspaces\Nexvali3\SeleniumDemos\src\test\resources
2024-02-10 06:49:51,288 [Worker-141: Launching Webelements] INFO  o.e.m.c.i.embedder.EclipseLogger - Using 'UTF-8' encoding to copy filtered resources.
2024-02-10 06:49:51,288 [Worker-141: Launching Webelements] INFO  o.e.m.c.i.embedder.EclipseLogger - skip non existing resourceDirectory D:\Workspaces\Nexvali3\SeleniumDemos\src\main\resources
2024-02-10 06:49:51,290 [Worker-141: Launching Webelements] INFO  o.e.m.c.i.embedder.EclipseLogger - Using 'UTF-8' encoding to copy filtered resources.
2024-02-10 06:49:51,290 [Worker-141: Launching Webelements] INFO  o.e.m.c.i.embedder.EclipseLogger - skip non existing resourceDirectory D:\Workspaces\Nexvali3\SeleniumDemos\src\test\resources
2024-02-10 07:03:27,657 [Worker-146: Building] INFO  o.e.m.c.i.embedder.EclipseLogger - Using 'UTF-8' encoding to copy filtered resources.
2024-02-10 07:03:27,657 [Worker-146: Building] INFO  o.e.m.c.i.embedder.EclipseLogger - skip non existing resourceDirectory D:\Workspaces\Nexvali3\SeleniumDemos\src\main\resources
2024-02-10 07:03:27,659 [Worker-146: Building] INFO  o.e.m.c.i.embedder.EclipseLogger - Using 'UTF-8' encoding to copy filtered resources.
2024-02-10 07:03:27,659 [Worker-146: Building] INFO  o.e.m.c.i.embedder.EclipseLogger - skip non existing resourceDirectory D:\Workspaces\Nexvali3\SeleniumDemos\src\test\resources
2024-02-10 07:03:38,048 [Worker-140: Launching Webelements] INFO  o.e.m.c.i.embedder.EclipseLogger - Using 'UTF-8' encoding to copy filtered resources.
2024-02-10 07:03:38,049 [Worker-140: Launching Webelements] INFO  o.e.m.c.i.embedder.EclipseLogger - skip non existing resourceDirectory D:\Workspaces\Nexvali3\SeleniumDemos\src\main\resources
2024-02-10 07:03:38,051 [Worker-140: Launching Webelements] INFO  o.e.m.c.i.embedder.EclipseLogger - Using 'UTF-8' encoding to copy filtered resources.
2024-02-10 07:03:38,052 [Worker-140: Launching Webelements] INFO  o.e.m.c.i.embedder.EclipseLogger - skip non existing resourceDirectory D:\Workspaces\Nexvali3\SeleniumDemos\src\test\resources
2024-02-10 07:29:58,472 [Worker-146: Launching Webelements] INFO  o.e.m.c.i.embedder.EclipseLogger - Using 'UTF-8' encoding to copy filtered resources.
2024-02-10 07:29:58,472 [Worker-146: Launching Webelements] INFO  o.e.m.c.i.embedder.EclipseLogger - skip non existing resourceDirectory D:\Workspaces\Nexvali3\SeleniumDemos\src\main\resources
2024-02-10 07:29:58,475 [Worker-146: Launching Webelements] INFO  o.e.m.c.i.embedder.EclipseLogger - Using 'UTF-8' encoding to copy filtered resources.
2024-02-10 07:29:58,475 [Worker-146: Launching Webelements] INFO  o.e.m.c.i.embedder.EclipseLogger - skip non existing resourceDirectory D:\Workspaces\Nexvali3\SeleniumDemos\src\test\resources
2024-02-10 07:34:13,185 [Worker-149: Building] INFO  o.e.m.c.i.embedder.EclipseLogger - Using 'UTF-8' encoding to copy filtered resources.
2024-02-10 07:34:13,185 [Worker-149: Building] INFO  o.e.m.c.i.embedder.EclipseLogger - skip non existing resourceDirectory D:\Workspaces\Nexvali3\SeleniumDemos\src\main\resources
2024-02-10 07:34:13,187 [Worker-149: Building] INFO  o.e.m.c.i.embedder.EclipseLogger - Using 'UTF-8' encoding to copy filtered resources.
2024-02-10 07:34:13,187 [Worker-149: Building] INFO  o.e.m.c.i.embedder.EclipseLogger - skip non existing resourceDirectory D:\Workspaces\Nexvali3\SeleniumDemos\src\test\resources
2024-02-10 07:34:59,645 [Worker-155: Building] INFO  o.e.m.c.i.embedder.EclipseLogger - Using 'UTF-8' encoding to copy filtered resources.
2024-02-10 07:34:59,645 [Worker-155: Building] INFO  o.e.m.c.i.embedder.EclipseLogger - skip non existing resourceDirectory D:\Workspaces\Nexvali3\SeleniumDemos\src\main\resources
2024-02-10 07:34:59,646 [Worker-155: Building] INFO  o.e.m.c.i.embedder.EclipseLogger - Using 'UTF-8' encoding to copy filtered resources.
2024-02-10 07:34:59,646 [Worker-155: Building] INFO  o.e.m.c.i.embedder.EclipseLogger - skip non existing resourceDirectory D:\Workspaces\Nexvali3\SeleniumDemos\src\test\resources
